# JRE version: OpenJDK Runtime Environment (11.0.6+10) (build 11.0.6+10-post-Ubuntu-1ubuntu118.04.1)
# Java VM: OpenJDK 64-Bit Server VM (11.0.6+10-post-Ubuntu-1ubuntu118.04.1, mixed mode, sharing, tiered, compressed oops, g1 gc, linux-amd64)
Heap:
 garbage-first heap   total 155648K, used 69576K [0x0000000085200000, 0x0000000100000000)
  region size 1024K, 48 young (49152K), 10 survivors (10240K)
 Metaspace       used 59813K, capacity 61718K, committed 62000K, reserved 1101824K
  class space    used 8290K, capacity 9026K, committed 9088K, reserved 1048576K
GC Heap History (20 events):
Event: 1.726 GC heap before
{Heap before GC invocations=0 (full 0):
 garbage-first heap   total 129024K, used 25284K [0x0000000085200000, 0x0000000100000000)
  region size 1024K, 24 young (24576K), 0 survivors (0K)
 Metaspace       used 6596K, capacity 7025K, committed 7168K, reserved 1056768K
  class space    used 841K, capacity 1002K, committed 1024K, reserved 1048576K
}
Event: 1.735 GC heap after
{Heap after GC invocations=1 (full 0):
 garbage-first heap   total 129024K, used 9450K [0x0000000085200000, 0x0000000100000000)
  region size 1024K, 3 young (3072K), 3 survivors (3072K)
 Metaspace       used 6596K, capacity 7025K, committed 7168K, reserved 1056768K
  class space    used 841K, capacity 1002K, committed 1024K, reserved 1048576K
}
Event: 1.903 GC heap before
{Heap before GC invocations=1 (full 0):
 garbage-first heap   total 129024K, used 28906K [0x0000000085200000, 0x0000000100000000)
  region size 1024K, 23 young (23552K), 3 survivors (3072K)
 Metaspace       used 9875K, capacity 10420K, committed 10752K, reserved 1058816K
  class space    used 1279K, capacity 1478K, committed 1536K, reserved 1048576K
}
Event: 1.911 GC heap after
{Heap after GC invocations=2 (full 0):
 garbage-first heap   total 129024K, used 10671K [0x0000000085200000, 0x0000000100000000)
  region size 1024K, 2 young (2048K), 2 survivors (2048K)
 Metaspace       used 9875K, capacity 10420K, committed 10752K, reserved 1058816K
  class space    used 1279K, capacity 1478K, committed 1536K, reserved 1048576K
}
Event: 2.688 GC heap before
{Heap before GC invocations=2 (full 0):
 garbage-first heap   total 129024K, used 58799K [0x0000000085200000, 0x0000000100000000)
  region size 1024K, 50 young (51200K), 2 survivors (2048K)
 Metaspace       used 16609K, capacity 17426K, committed 17792K, reserved 1064960K
  class space    used 2264K, capacity 2581K, committed 2688K, reserved 1048576K
}
Event: 2.694 GC heap after
{Heap after GC invocations=3 (full 0):
 garbage-first heap   total 129024K, used 12113K [0x0000000085200000, 0x0000000100000000)
  region size 1024K, 3 young (3072K), 3 survivors (3072K)
 Metaspace       used 16609K, capacity 17426K, committed 17792K, reserved 1064960K
  class space    used 2264K, capacity 2581K, committed 2688K, reserved 1048576K
}
Event: 3.031 GC heap before
{Heap before GC invocations=3 (full 0):
 garbage-first heap   total 129024K, used 83793K [0x0000000085200000, 0x0000000100000000)
  region size 1024K, 74 young (75776K), 3 survivors (3072K)
 Metaspace       used 19145K, capacity 20004K, committed 20352K, reserved 1067008K
  class space    used 2614K, capacity 2928K, committed 2944K, reserved 1048576K
}
Event: 3.036 GC heap after
{Heap after GC invocations=4 (full 0):
 garbage-first heap   total 129024K, used 13613K [0x0000000085200000, 0x0000000100000000)
  region size 1024K, 4 young (4096K), 4 survivors (4096K)
 Metaspace       used 19145K, capacity 20004K, committed 20352K, reserved 1067008K
  class space    used 2614K, capacity 2928K, committed 2944K, reserved 1048576K
}
Event: 3.226 GC heap before
{Heap before GC invocations=4 (full 0):
 garbage-first heap   total 129024K, used 71981K [0x0000000085200000, 0x0000000100000000)
  region size 1024K, 63 young (64512K), 4 survivors (4096K)
 Metaspace       used 20256K, capacity 21177K, committed 21296K, reserved 1067008K
  class space    used 2771K, capacity 3142K, committed 3200K, reserved 1048576K
}
Event: 3.234 GC heap after
{Heap after GC invocations=5 (full 0):
 garbage-first heap   total 129024K, used 14871K [0x0000000085200000, 0x0000000100000000)
  region size 1024K, 6 young (6144K), 6 survivors (6144K)
 Metaspace       used 20256K, capacity 21177K, committed 21296K, reserved 1067008K
  class space    used 2771K, capacity 3142K, committed 3200K, reserved 1048576K
}
Event: 3.858 GC heap before
{Heap before GC invocations=6 (full 0):
 garbage-first heap   total 129024K, used 84503K [0x0000000085200000, 0x0000000100000000)
  region size 1024K, 74 young (75776K), 6 survivors (6144K)
 Metaspace       used 24453K, capacity 25497K, committed 25776K, reserved 1071104K
  class space    used 3416K, capacity 3825K, committed 3840K, reserved 1048576K
}
Event: 3.872 GC heap after
{Heap after GC invocations=7 (full 0):
 garbage-first heap   total 129024K, used 17597K [0x0000000085200000, 0x0000000100000000)
  region size 1024K, 8 young (8192K), 8 survivors (8192K)
 Metaspace       used 24453K, capacity 25497K, committed 25776K, reserved 1071104K
  class space    used 3416K, capacity 3825K, committed 3840K, reserved 1048576K
}
Event: 4.319 GC heap before
{Heap before GC invocations=7 (full 0):
 garbage-first heap   total 129024K, used 84157K [0x0000000085200000, 0x0000000100000000)
  region size 1024K, 74 young (75776K), 8 survivors (8192K)
 Metaspace       used 28065K, capacity 29325K, committed 29616K, reserved 1075200K
  class space    used 3870K, capacity 4326K, committed 4352K, reserved 1048576K
}
Event: 4.332 GC heap after
{Heap after GC invocations=8 (full 0):
 garbage-first heap   total 155648K, used 20040K [0x0000000085200000, 0x0000000100000000)
  region size 1024K, 7 young (7168K), 7 survivors (7168K)
 Metaspace       used 28065K, capacity 29325K, committed 29616K, reserved 1075200K
  class space    used 3870K, capacity 4326K, committed 4352K, reserved 1048576K
}
Event: 5.009 GC heap before
{Heap before GC invocations=8 (full 0):
 garbage-first heap   total 155648K, used 76360K [0x0000000085200000, 0x0000000100000000)
  region size 1024K, 63 young (64512K), 7 survivors (7168K)
 Metaspace       used 34374K, capacity 35669K, committed 35888K, reserved 1079296K
  class space    used 4849K, capacity 5419K, committed 5504K, reserved 1048576K
}
Event: 5.016 GC heap after
{Heap after GC invocations=9 (full 0):
 garbage-first heap   total 155648K, used 22482K [0x0000000085200000, 0x0000000100000000)
  region size 1024K, 8 young (8192K), 8 survivors (8192K)
 Metaspace       used 34374K, capacity 35669K, committed 35888K, reserved 1079296K
  class space    used 4849K, capacity 5419K, committed 5504K, reserved 1048576K
}
Event: 10.166 GC heap before
{Heap before GC invocations=10 (full 0):
 garbage-first heap   total 155648K, used 107474K [0x0000000085200000, 0x0000000100000000)
  region size 1024K, 91 young (93184K), 8 survivors (8192K)
 Metaspace       used 48918K, capacity 50514K, committed 50736K, reserved 1093632K
  class space    used 6840K, capacity 7501K, committed 7552K, reserved 1048576K
}
Event: 10.182 GC heap after
{Heap after GC invocations=11 (full 0):
 garbage-first heap   total 155648K, used 28243K [0x0000000085200000, 0x0000000100000000)
  region size 1024K, 11 young (11264K), 11 survivors (11264K)
 Metaspace       used 48918K, capacity 50514K, committed 50736K, reserved 1093632K
  class space    used 6840K, capacity 7501K, committed 7552K, reserved 1048576K
}
Event: 11.133 GC heap before
{Heap before GC invocations=12 (full 0):
 garbage-first heap   total 155648K, used 110163K [0x0000000085200000, 0x0000000100000000)
  region size 1024K, 91 young (93184K), 11 survivors (11264K)
 Metaspace       used 54155K, capacity 55951K, committed 56240K, reserved 1097728K
  class space    used 7643K, capacity 8365K, committed 8448K, reserved 1048576K
}
Event: 11.160 GC heap after
{Heap after GC invocations=13 (full 0):
 garbage-first heap   total 155648K, used 31688K [0x0000000085200000, 0x0000000100000000)
  region size 1024K, 10 young (10240K), 10 survivors (10240K)
 Metaspace       used 54155K, capacity 55951K, committed 56240K, reserved 1097728K
  class space    used 7643K, capacity 8365K, committed 8448K, reserved 1048576K
}

